<?xml version="1.0" encoding="UTF-8"?>
<Site BuildName="Linux-g++"
	BuildStamp="20240326-1501-Experimental"
	Name="BjarteMK4"
	Generator="ctest-3.25.1"
	CompilerName="/usr/bin/g++"
	CompilerVersion="12.2.0"
	OSName="Linux"
	Hostname="BjarteMK4"
	OSRelease="5.15.146.1-microsoft-standard-WSL2"
	OSVersion="#1 SMP Thu Jan 11 04:09:03 UTC 2024"
	OSPlatform="x86_64"
	Is64Bits="1"
	VendorString="AuthenticAMD"
	VendorID="Advanced Micro Devices"
	FamilyID="23"
	ModelID="113"
	ProcessorCacheSize="512"
	NumberOfLogicalCPU="12"
	NumberOfPhysicalCPU="6"
	TotalVirtualMemory="4096"
	TotalPhysicalMemory="15959"
	LogicalProcessorsPerPhysical="2"
	ProcessorClockFrequency="4200.01"
	>
	<Testing>
		<StartDateTime>Mar 26 16:01 CET</StartDateTime>
		<StartTestTime>1711465289</StartTestTime>
		<TestList/>
		<EndDateTime>Mar 26 16:01 CET</EndDateTime>
		<EndTestTime>1711465289</EndTestTime>
		<ElapsedMinutes>0</ElapsedMinutes>
	</Testing>
</Site>
