<?xml version="1.0" encoding="UTF-8"?>
<Site BuildName="Linux-g++"
	BuildStamp="20240319-1225-Experimental"
	Name="BjarteMK4"
	Generator="ctest-3.25.1"
	CompilerName="/usr/bin/g++"
	CompilerVersion="12.2.0"
	OSName="Linux"
	Hostname="BjarteMK4"
	OSRelease="5.15.133.1-microsoft-standard-WSL2"
	OSVersion="#1 SMP Thu Oct 5 21:02:42 UTC 2023"
	OSPlatform="x86_64"
	Is64Bits="1"
	VendorString="AuthenticAMD"
	VendorID="Advanced Micro Devices"
	FamilyID="23"
	ModelID="113"
	ProcessorCacheSize="512"
	NumberOfLogicalCPU="12"
	NumberOfPhysicalCPU="6"
	TotalVirtualMemory="4096"
	TotalPhysicalMemory="15959"
	LogicalProcessorsPerPhysical="2"
	ProcessorClockFrequency="4199.99"
	>
	<Testing>
		<StartDateTime>Mar 19 13:25 CET</StartDateTime>
		<StartTestTime>1710851113</StartTestTime>
		<TestList/>
		<EndDateTime>Mar 19 13:25 CET</EndDateTime>
		<EndTestTime>1710851113</EndTestTime>
		<ElapsedMinutes>0</ElapsedMinutes>
	</Testing>
</Site>
